127.0.0.1 - - [12/Mar/2021:00:20:30 +0700] "GET / HTTP/1.1" 200 751
127.0.0.1 - - [12/Mar/2021:00:20:31 +0700] "GET /bitnami.css HTTP/1.1" 200 590
127.0.0.1 - - [12/Mar/2021:00:20:31 +0700] "GET /img/bitnami.png HTTP/1.1" 200 3738
127.0.0.1 - - [12/Mar/2021:00:20:31 +0700] "GET /img/header_bg.png HTTP/1.1" 200 147
127.0.0.1 - - [12/Mar/2021:00:20:31 +0700] "GET /img/sub_header_bg.png HTTP/1.1" 200 146
127.0.0.1 - - [12/Mar/2021:00:20:31 +0700] "GET /img/testlink.png HTTP/1.1" 200 3956
127.0.0.1 - - [12/Mar/2021:00:20:32 +0700] "GET /favicon.ico HTTP/1.1" 200 637
127.0.0.1 - - [12/Mar/2021:00:20:47 +0700] "GET /testlink/ HTTP/1.1" 200 86
127.0.0.1 - - [12/Mar/2021:00:20:48 +0700] "GET /testlink/login.php HTTP/1.1" 200 727
127.0.0.1 - - [12/Mar/2021:00:20:50 +0700] "GET /testlink/gui/icons/font-awesome-4.5.0/css/font-awesome.min.css HTTP/1.1" 200 5885
127.0.0.1 - - [12/Mar/2021:00:20:50 +0700] "GET /testlink/gui/themes/default/login/codepen.io/marcobiedermann/css/style.css HTTP/1.1" 200 777
127.0.0.1 - - [12/Mar/2021:00:20:50 +0700] "GET /testlink/gui/themes/default/images/tl-logo-transparent-25.png HTTP/1.1" 200 10736
127.0.0.1 - - [12/Mar/2021:00:20:51 +0700] "GET /testlink/gui/icons/font-awesome-4.5.0/fonts/fontawesome-webfont.woff2?v=4.5.0 HTTP/1.1" 200 66624
127.0.0.1 - - [12/Mar/2021:00:21:03 +0700] "POST /testlink/login.php?viewer= HTTP/1.1" 200 100
127.0.0.1 - - [12/Mar/2021:00:21:05 +0700] "GET /testlink/index.php?caller=login&viewer= HTTP/1.1" 200 350
127.0.0.1 - - [12/Mar/2021:00:21:06 +0700] "GET /testlink/gui/themes/default//css/frame.css HTTP/1.1" 200 113
127.0.0.1 - - [12/Mar/2021:00:21:06 +0700] "GET /testlink/lib/general/navBar.php?tproject_id=0&tplan_id=0&updateMainPage=1 HTTP/1.1" 200 881
127.0.0.1 - - [12/Mar/2021:00:21:06 +0700] "GET /testlink/gui/themes/default/css/tl_print.css HTTP/1.1" 200 389
127.0.0.1 - - [12/Mar/2021:00:21:06 +0700] "GET /testlink/gui/themes/default/css/testlink.css HTTP/1.1" 200 6070
127.0.0.1 - - [12/Mar/2021:00:21:06 +0700] "GET /testlink/gui/javascript/sorttable.js HTTP/1.1" 200 4853
127.0.0.1 - - [12/Mar/2021:00:21:06 +0700] "GET /testlink/gui/javascript/test_automation.js HTTP/1.1" 200 1087
127.0.0.1 - - [12/Mar/2021:00:21:06 +0700] "GET /testlink/lib/general/mainPage.php HTTP/1.1" 200 106
127.0.0.1 - - [12/Mar/2021:00:21:06 +0700] "GET /testlink/gui/javascript/testlink_library.js HTTP/1.1" 200 9828
127.0.0.1 - - [12/Mar/2021:00:21:06 +0700] "GET /testlink/third_party/jquery/jquery-2.2.4.min.js HTTP/1.1" 200 29212
127.0.0.1 - - [12/Mar/2021:00:21:06 +0700] "GET /testlink/third_party/chosen/chosen.css HTTP/1.1" 200 2284
127.0.0.1 - - [12/Mar/2021:00:21:06 +0700] "GET /testlink/third_party/chosen/chosen.jquery.js HTTP/1.1" 200 8395
127.0.0.1 - - [12/Mar/2021:00:21:07 +0700] "GET /testlink/gui/themes/default/images/user_edit.png HTTP/1.1" 200 833
127.0.0.1 - - [12/Mar/2021:00:21:07 +0700] "GET /testlink/gui/themes/default/images/tl-logo-transparent-12.5.png HTTP/1.1" 200 4695
127.0.0.1 - - [12/Mar/2021:00:21:07 +0700] "GET /testlink/gui/themes/default/images/navbar.gif HTTP/1.1" 200 166
127.0.0.1 - - [12/Mar/2021:00:21:07 +0700] "GET /testlink/gui/themes/default/images/computer_go.png HTTP/1.1" 200 777
127.0.0.1 - - [12/Mar/2021:00:21:06 +0700] "GET /testlink/lib/project/projectEdit.php?doAction=create HTTP/1.1" 200 3148
127.0.0.1 - - [12/Mar/2021:00:21:08 +0700] "GET /testlink/gui/javascript/cfield_validation.js HTTP/1.1" 200 1391
127.0.0.1 - - [12/Mar/2021:00:21:08 +0700] "GET /testlink/gui/javascript/validate.js HTTP/1.1" 200 1714
127.0.0.1 - - [12/Mar/2021:00:21:08 +0700] "GET /testlink/third_party/ext-js/ux/gridfilters/css/RangeMenu.css HTTP/1.1" 200 184
127.0.0.1 - - [12/Mar/2021:00:21:08 +0700] "GET /testlink/third_party/ext-js/ux/gridfilters/css/GridFilters.css HTTP/1.1" 200 413
127.0.0.1 - - [12/Mar/2021:00:21:08 +0700] "GET /testlink/third_party/ext-js/css/ext-all.css HTTP/1.1" 200 21152
127.0.0.1 - - [12/Mar/2021:00:21:09 +0700] "GET /testlink/third_party/ext-js/adapter/ext/ext-base.js HTTP/1.1" 200 10236
127.0.0.1 - - [12/Mar/2021:00:21:09 +0700] "GET /testlink/third_party/ext-js/ux/Reorderer.js HTTP/1.1" 200 2425
127.0.0.1 - - [12/Mar/2021:00:21:09 +0700] "GET /testlink/third_party/ext-js/ux/ToolbarReorderer.js HTTP/1.1" 200 2036
127.0.0.1 - - [12/Mar/2021:00:21:09 +0700] "GET /testlink/third_party/ext-js/ux/ToolbarDroppable.js HTTP/1.1" 200 1572
127.0.0.1 - - [12/Mar/2021:00:21:09 +0700] "GET /testlink/third_party/ext-js/ux/Exporter-all.js HTTP/1.1" 200 6294
127.0.0.1 - - [12/Mar/2021:00:21:09 +0700] "GET /testlink/third_party/ext-js/ux/gridfilters/menu/RangeMenu.js HTTP/1.1" 200 1166
127.0.0.1 - - [12/Mar/2021:00:21:09 +0700] "GET /testlink/third_party/ext-js/ux/gridfilters/menu/ListMenu.js HTTP/1.1" 200 1680
127.0.0.1 - - [12/Mar/2021:00:21:09 +0700] "GET /testlink/third_party/ext-js/ux/gridfilters/GridFilters.js HTTP/1.1" 200 6259
127.0.0.1 - - [12/Mar/2021:00:21:09 +0700] "GET /testlink/third_party/ext-js/ux/gridfilters/filter/Filter.js HTTP/1.1" 200 1618
127.0.0.1 - - [12/Mar/2021:00:21:09 +0700] "GET /testlink/third_party/ext-js/ux/gridfilters/filter/DateFilter.js HTTP/1.1" 200 2303
127.0.0.1 - - [12/Mar/2021:00:21:09 +0700] "GET /testlink/third_party/ext-js/ux/gridfilters/filter/ListFilter.js HTTP/1.1" 200 1713
127.0.0.1 - - [12/Mar/2021:00:21:09 +0700] "GET /testlink/third_party/ext-js/ux/gridfilters/filter/StringFilter.js HTTP/1.1" 200 1238
127.0.0.1 - - [12/Mar/2021:00:21:09 +0700] "GET /testlink/third_party/ext-js/ux/gridfilters/filter/NumericFilter.js HTTP/1.1" 200 1570
127.0.0.1 - - [12/Mar/2021:00:21:09 +0700] "GET /testlink/third_party/ext-js/ux/gridfilters/filter/BooleanFilter.js HTTP/1.1" 200 1036
127.0.0.1 - - [12/Mar/2021:00:21:09 +0700] "GET /testlink/third_party/ext-js/ext-all.js HTTP/1.1" 200 188062
127.0.0.1 - - [12/Mar/2021:00:21:09 +0700] "GET /testlink/third_party/ext-js/ux/LocalStorageProvider.js HTTP/1.1" 200 581
127.0.0.1 - - [12/Mar/2021:00:21:09 +0700] "GET /testlink/third_party/ext-js/src/locale/ext-lang-en.js HTTP/1.1" 200 2569
127.0.0.1 - - [12/Mar/2021:00:21:09 +0700] "GET /testlink/third_party/ext-js/ux/TableGrid.js HTTP/1.1" 200 1094
127.0.0.1 - - [12/Mar/2021:00:21:09 +0700] "GET /testlink/gui/themes/default/images//error.gif HTTP/1.1" 200 320
127.0.0.1 - - [12/Mar/2021:00:21:09 +0700] "GET /testlink/third_party/ckeditor/ckeditor.js HTTP/1.1" 200 177122
127.0.0.1 - - [12/Mar/2021:00:21:10 +0700] "GET /testlink/cfg/tl_ckeditor_config.js?t=J1QB HTTP/1.1" 200 1200
127.0.0.1 - - [12/Mar/2021:00:21:10 +0700] "GET /testlink/gui/themes/default/images/favicon.ico HTTP/1.1" 200 168
127.0.0.1 - - [12/Mar/2021:00:21:10 +0700] "GET /testlink/third_party/ckeditor/skins/moonocolor/skin.js?t=J1QB HTTP/1.1" 200 1086
127.0.0.1 - - [12/Mar/2021:00:21:10 +0700] "GET /testlink/third_party/ckeditor/skins/moonocolor/editor.css?t=J1QB HTTP/1.1" 200 5269
127.0.0.1 - - [12/Mar/2021:00:21:10 +0700] "GET /testlink/third_party/ckeditor/lang/en.js?t=J1QB HTTP/1.1" 200 4208
127.0.0.1 - - [12/Mar/2021:00:21:10 +0700] "GET /testlink/third_party/ckeditor/styles.js?t=J1QB HTTP/1.1" 200 1639
127.0.0.1 - - [12/Mar/2021:00:21:10 +0700] "GET /testlink/third_party/ckeditor/plugins/scayt/dialogs/dialog.css HTTP/1.1" 200 194
127.0.0.1 - - [12/Mar/2021:00:21:10 +0700] "GET /testlink/third_party/ckeditor/plugins/tableselection/styles/tableselection.css HTTP/1.1" 200 401
127.0.0.1 - - [12/Mar/2021:00:21:10 +0700] "GET /testlink/third_party/ckeditor/skins/moonocolor/icons.png HTTP/1.1" 200 27799
127.0.0.1 - - [12/Mar/2021:00:21:10 +0700] "GET /testlink//gui/themes/default/css/testlink.css HTTP/1.1" 200 6070
::1 - - [12/Mar/2021:21:23:33 +0700] "GET / HTTP/1.1" 200 751
::1 - - [12/Mar/2021:21:23:34 +0700] "GET /img/testlink.png HTTP/1.1" 200 3956
::1 - - [12/Mar/2021:21:23:34 +0700] "GET /bitnami.css HTTP/1.1" 200 590
::1 - - [12/Mar/2021:21:23:34 +0700] "GET /img/bitnami.png HTTP/1.1" 200 3738
::1 - - [12/Mar/2021:21:23:34 +0700] "GET /img/header_bg.png HTTP/1.1" 200 147
::1 - - [12/Mar/2021:21:23:34 +0700] "GET /img/sub_header_bg.png HTTP/1.1" 200 146
::1 - - [12/Mar/2021:21:23:34 +0700] "GET /favicon.ico HTTP/1.1" 200 637
::1 - - [12/Mar/2021:21:23:37 +0700] "GET /testlink/ HTTP/1.1" 200 84
::1 - - [12/Mar/2021:21:23:38 +0700] "GET /testlink/login.php HTTP/1.1" 200 726
::1 - - [12/Mar/2021:21:23:41 +0700] "GET /testlink/gui/themes/default/login/codepen.io/marcobiedermann/css/style.css HTTP/1.1" 200 777
::1 - - [12/Mar/2021:21:23:41 +0700] "GET /testlink/gui/icons/font-awesome-4.5.0/css/font-awesome.min.css HTTP/1.1" 200 5885
::1 - - [12/Mar/2021:21:23:41 +0700] "GET /testlink/gui/themes/default/images/tl-logo-transparent-25.png HTTP/1.1" 200 10736
::1 - - [12/Mar/2021:21:23:41 +0700] "GET /testlink/gui/icons/font-awesome-4.5.0/fonts/fontawesome-webfont.woff2?v=4.5.0 HTTP/1.1" 200 66624
::1 - - [12/Mar/2021:21:23:50 +0700] "POST /testlink/login.php?viewer= HTTP/1.1" 200 99
::1 - - [12/Mar/2021:21:23:51 +0700] "GET /testlink/index.php?caller=login&viewer= HTTP/1.1" 200 344
::1 - - [12/Mar/2021:21:23:51 +0700] "GET /testlink/gui/themes/default//css/frame.css HTTP/1.1" 200 113
::1 - - [12/Mar/2021:21:23:51 +0700] "GET /testlink/lib/general/navBar.php?tproject_id=0&tplan_id=0&updateMainPage=1 HTTP/1.1" 200 879
::1 - - [12/Mar/2021:21:23:51 +0700] "GET /testlink/lib/general/mainPage.php HTTP/1.1" 200 105
::1 - - [12/Mar/2021:21:23:52 +0700] "GET /testlink/gui/themes/default/css/testlink.css HTTP/1.1" 200 6070
::1 - - [12/Mar/2021:21:23:52 +0700] "GET /testlink/gui/themes/default/css/tl_print.css HTTP/1.1" 200 389
::1 - - [12/Mar/2021:21:23:52 +0700] "GET /testlink/gui/javascript/sorttable.js HTTP/1.1" 200 4853
::1 - - [12/Mar/2021:21:23:52 +0700] "GET /testlink/gui/javascript/testlink_library.js HTTP/1.1" 200 9828
::1 - - [12/Mar/2021:21:23:52 +0700] "GET /testlink/gui/javascript/test_automation.js HTTP/1.1" 200 1087
::1 - - [12/Mar/2021:21:23:52 +0700] "GET /testlink/third_party/chosen/chosen.css HTTP/1.1" 200 2284
::1 - - [12/Mar/2021:21:23:52 +0700] "GET /testlink/third_party/jquery/jquery-2.2.4.min.js HTTP/1.1" 200 29212
::1 - - [12/Mar/2021:21:23:52 +0700] "GET /testlink/third_party/chosen/chosen.jquery.js HTTP/1.1" 200 8395
::1 - - [12/Mar/2021:21:23:52 +0700] "GET /testlink/gui/themes/default/images/navbar.gif HTTP/1.1" 200 166
::1 - - [12/Mar/2021:21:23:52 +0700] "GET /testlink/gui/themes/default/images/user_edit.png HTTP/1.1" 200 833
::1 - - [12/Mar/2021:21:23:52 +0700] "GET /testlink/gui/themes/default/images/computer_go.png HTTP/1.1" 200 777
::1 - - [12/Mar/2021:21:23:52 +0700] "GET /testlink/gui/themes/default/images/tl-logo-transparent-12.5.png HTTP/1.1" 200 4695
::1 - - [12/Mar/2021:21:23:52 +0700] "GET /testlink/lib/project/projectEdit.php?doAction=create HTTP/1.1" 200 3140
::1 - - [12/Mar/2021:21:23:53 +0700] "GET /testlink/gui/javascript/cfield_validation.js HTTP/1.1" 200 1391
::1 - - [12/Mar/2021:21:23:53 +0700] "GET /testlink/gui/javascript/validate.js HTTP/1.1" 200 1714
::1 - - [12/Mar/2021:21:23:53 +0700] "GET /testlink/third_party/ext-js/ux/gridfilters/css/RangeMenu.css HTTP/1.1" 200 184
::1 - - [12/Mar/2021:21:23:53 +0700] "GET /testlink/third_party/ext-js/adapter/ext/ext-base.js HTTP/1.1" 200 10236
::1 - - [12/Mar/2021:21:23:53 +0700] "GET /testlink/third_party/ext-js/ux/Reorderer.js HTTP/1.1" 200 2425
::1 - - [12/Mar/2021:21:23:53 +0700] "GET /testlink/third_party/ext-js/css/ext-all.css HTTP/1.1" 200 21152
::1 - - [12/Mar/2021:21:23:53 +0700] "GET /testlink/third_party/ext-js/ux/gridfilters/menu/RangeMenu.js HTTP/1.1" 200 1166
::1 - - [12/Mar/2021:21:23:53 +0700] "GET /testlink/third_party/ext-js/ux/ToolbarDroppable.js HTTP/1.1" 200 1572
::1 - - [12/Mar/2021:21:23:53 +0700] "GET /testlink/third_party/ext-js/ux/Exporter-all.js HTTP/1.1" 200 6294
::1 - - [12/Mar/2021:21:23:53 +0700] "GET /testlink/third_party/ext-js/ux/ToolbarReorderer.js HTTP/1.1" 200 2036
::1 - - [12/Mar/2021:21:23:53 +0700] "GET /testlink/third_party/ext-js/ux/gridfilters/menu/ListMenu.js HTTP/1.1" 200 1680
::1 - - [12/Mar/2021:21:23:53 +0700] "GET /testlink/third_party/ext-js/ux/gridfilters/css/GridFilters.css HTTP/1.1" 200 413
::1 - - [12/Mar/2021:21:23:53 +0700] "GET /testlink/third_party/ext-js/ux/gridfilters/filter/ListFilter.js HTTP/1.1" 200 1713
::1 - - [12/Mar/2021:21:23:53 +0700] "GET /testlink/third_party/ext-js/ux/gridfilters/filter/StringFilter.js HTTP/1.1" 200 1238
::1 - - [12/Mar/2021:21:23:53 +0700] "GET /testlink/third_party/ext-js/ux/gridfilters/filter/DateFilter.js HTTP/1.1" 200 2303
::1 - - [12/Mar/2021:21:23:53 +0700] "GET /testlink/third_party/ext-js/ux/gridfilters/filter/Filter.js HTTP/1.1" 200 1618
::1 - - [12/Mar/2021:21:23:53 +0700] "GET /testlink/third_party/ext-js/ux/gridfilters/filter/BooleanFilter.js HTTP/1.1" 200 1036
::1 - - [12/Mar/2021:21:23:53 +0700] "GET /testlink/third_party/ext-js/ux/gridfilters/filter/NumericFilter.js HTTP/1.1" 200 1570
::1 - - [12/Mar/2021:21:23:53 +0700] "GET /testlink/third_party/ext-js/ux/TableGrid.js HTTP/1.1" 200 1094
::1 - - [12/Mar/2021:21:23:53 +0700] "GET /testlink/third_party/ext-js/ux/LocalStorageProvider.js HTTP/1.1" 200 581
::1 - - [12/Mar/2021:21:23:53 +0700] "GET /testlink/third_party/ext-js/ux/gridfilters/GridFilters.js HTTP/1.1" 200 6259
::1 - - [12/Mar/2021:21:23:53 +0700] "GET /testlink/third_party/ext-js/src/locale/ext-lang-en.js HTTP/1.1" 200 2569
::1 - - [12/Mar/2021:21:23:53 +0700] "GET /testlink/third_party/ext-js/ext-all.js HTTP/1.1" 200 188062
::1 - - [12/Mar/2021:21:23:53 +0700] "GET /testlink/gui/themes/default/images//error.gif HTTP/1.1" 200 320
::1 - - [12/Mar/2021:21:23:53 +0700] "GET /testlink/third_party/ckeditor/ckeditor.js HTTP/1.1" 200 177122
::1 - - [12/Mar/2021:21:23:54 +0700] "GET /testlink/cfg/tl_ckeditor_config.js?t=J1QB HTTP/1.1" 200 1200
::1 - - [12/Mar/2021:21:23:54 +0700] "GET /testlink/gui/themes/default/images/favicon.ico HTTP/1.1" 200 168
::1 - - [12/Mar/2021:21:23:54 +0700] "GET /testlink/third_party/ckeditor/skins/moonocolor/skin.js?t=J1QB HTTP/1.1" 200 1086
::1 - - [12/Mar/2021:21:23:54 +0700] "GET /testlink/third_party/ckeditor/skins/moonocolor/editor.css?t=J1QB HTTP/1.1" 200 5269
::1 - - [12/Mar/2021:21:23:54 +0700] "GET /testlink/third_party/ckeditor/lang/en.js?t=J1QB HTTP/1.1" 200 4208
::1 - - [12/Mar/2021:21:23:54 +0700] "GET /testlink/third_party/ckeditor/styles.js?t=J1QB HTTP/1.1" 200 1639
::1 - - [12/Mar/2021:21:23:54 +0700] "GET /testlink/third_party/ckeditor/plugins/scayt/dialogs/dialog.css HTTP/1.1" 200 194
::1 - - [12/Mar/2021:21:23:54 +0700] "GET /testlink/third_party/ckeditor/plugins/tableselection/styles/tableselection.css HTTP/1.1" 200 401
::1 - - [12/Mar/2021:21:23:54 +0700] "GET /testlink/third_party/ckeditor/skins/moonocolor/icons.png HTTP/1.1" 200 27799
::1 - - [12/Mar/2021:21:23:54 +0700] "GET /testlink//gui/themes/default/css/testlink.css HTTP/1.1" 200 6070
::1 - - [12/Mar/2021:21:33:02 +0700] "POST /testlink/lib/project/projectEdit.php HTTP/1.1" 200 3444
::1 - - [12/Mar/2021:21:33:03 +0700] "GET /testlink/third_party/DataTables-1.10.4/media/css/jquery.dataTables.TestLink.css HTTP/1.1" 200 1033
::1 - - [12/Mar/2021:21:33:03 +0700] "GET /testlink/third_party/bootstrap/3.4.1/css/bootstrap.min.css HTTP/1.1" 200 18158
::1 - - [12/Mar/2021:21:33:03 +0700] "GET /testlink/third_party/bootstrap/3.4.1/css/bootstrap-theme.min.css HTTP/1.1" 200 2417
::1 - - [12/Mar/2021:21:33:03 +0700] "GET /testlink/third_party/bootstrap/3.4.1/js/bootstrap.min.js HTTP/1.1" 200 10534
::1 - - [12/Mar/2021:21:33:03 +0700] "GET /testlink/third_party/DataTables-1.10.4/media/js/jquery.js HTTP/1.1" 200 32328
::1 - - [12/Mar/2021:21:33:03 +0700] "GET /testlink/third_party/DataTables-1.10.4/media/js/jquery.dataTables.js HTTP/1.1" 200 101394
::1 - - [12/Mar/2021:21:33:04 +0700] "GET /testlink/gui/themes/default/images/brick.png HTTP/1.1" 200 452
::1 - - [12/Mar/2021:21:33:04 +0700] "GET /testlink/gui/themes/default/images/sort_hint.png HTTP/1.1" 200 349
::1 - - [12/Mar/2021:21:33:04 +0700] "GET /testlink/gui/themes/default/images/trash.png HTTP/1.1" 200 519
::1 - - [12/Mar/2021:21:33:04 +0700] "GET /testlink/gui/themes/default/images/lightbulb_off.png HTTP/1.1" 200 700
::1 - - [12/Mar/2021:21:33:04 +0700] "GET /testlink/gui/themes/default/images/lightbulb.png HTTP/1.1" 200 782
::1 - - [12/Mar/2021:21:33:04 +0700] "GET /testlink/lib/general/navBar.php HTTP/1.1" 200 1940
::1 - - [12/Mar/2021:21:33:04 +0700] "GET /testlink/gui/themes/default/images/accept.png HTTP/1.1" 200 781
::1 - - [12/Mar/2021:21:33:04 +0700] "GET /testlink/gui/themes/default/images/chart_organisation.png HTTP/1.1" 200 444
::1 - - [12/Mar/2021:21:33:04 +0700] "GET /testlink/gui/themes/default/images/application_home.png HTTP/1.1" 200 685
::1 - - [12/Mar/2021:21:33:04 +0700] "GET /testlink/gui/themes/default/images/user.png HTTP/1.1" 200 741
::1 - - [12/Mar/2021:21:33:04 +0700] "GET /testlink/gui/themes/default/images/bell.png HTTP/1.1" 200 789
::1 - - [12/Mar/2021:21:33:04 +0700] "GET /testlink/gui/themes/default/images/connect.png HTTP/1.1" 200 748
::1 - - [12/Mar/2021:21:33:04 +0700] "GET /testlink/gui/themes/default/images/magnifier.png HTTP/1.1" 200 615
::1 - - [12/Mar/2021:21:33:04 +0700] "GET /testlink/lib/general/mainPage.php HTTP/1.1" 200 1815
::1 - - [12/Mar/2021:21:33:05 +0700] "GET /testlink/third_party/ext-js/ux/gridfilters/css/RangeMenu.css HTTP/1.1" 200 184
::1 - - [12/Mar/2021:21:33:05 +0700] "GET /testlink/third_party/ext-js/ux/gridfilters/css/GridFilters.css HTTP/1.1" 200 413
::1 - - [12/Mar/2021:21:33:05 +0700] "GET /testlink/third_party/bootstrap/3.4.1/css/bootstrap-theme.min.css HTTP/1.1" 200 2417
::1 - - [12/Mar/2021:21:33:05 +0700] "GET /testlink/third_party/ext-js/css/ext-all.css HTTP/1.1" 200 21152
::1 - - [12/Mar/2021:21:33:05 +0700] "GET /testlink/third_party/bootstrap/3.4.1/css/bootstrap.min.css HTTP/1.1" 200 18158
::1 - - [12/Mar/2021:21:33:05 +0700] "GET /testlink/gui/niftycube/niftycube.js HTTP/1.1" 200 2858
::1 - - [12/Mar/2021:21:33:30 +0700] "GET /testlink/lib/plan/planView.php HTTP/1.1" 200 2133
::1 - - [12/Mar/2021:21:33:31 +0700] "GET /testlink/third_party/DataTables-1.10.4/media/css/jquery.dataTables.TestLink.css HTTP/1.1" 200 1033
::1 - - [12/Mar/2021:21:33:33 +0700] "POST /testlink/lib/plan/planEdit.php?do_action=create HTTP/1.1" 200 3461
::1 - - [12/Mar/2021:21:33:34 +0700] "GET /testlink/third_party/clipboard/clipboard.min.js HTTP/1.1" 200 3252
::1 - - [12/Mar/2021:21:33:34 +0700] "GET /testlink/third_party/bootbox/bootbox.all.min.js HTTP/1.1" 200 5489
::1 - - [12/Mar/2021:21:33:34 +0700] "GET /testlink/cfg/tl_ckeditor_config.js?t=J1QB HTTP/1.1" 200 1200
::1 - - [12/Mar/2021:21:33:34 +0700] "GET /testlink/third_party/ckeditor/skins/moonocolor/skin.js?t=J1QB HTTP/1.1" 200 1086
::1 - - [12/Mar/2021:21:33:34 +0700] "GET /testlink/third_party/ckeditor/skins/moonocolor/editor.css?t=J1QB HTTP/1.1" 200 5269
::1 - - [12/Mar/2021:21:33:34 +0700] "GET /testlink/third_party/ckeditor/lang/en.js?t=J1QB HTTP/1.1" 200 4208
::1 - - [12/Mar/2021:21:33:34 +0700] "GET /testlink/third_party/ckeditor/styles.js?t=J1QB HTTP/1.1" 200 1639
::1 - - [12/Mar/2021:21:33:34 +0700] "GET /testlink/third_party/ckeditor/plugins/tableselection/styles/tableselection.css HTTP/1.1" 200 401
::1 - - [12/Mar/2021:21:33:34 +0700] "GET /testlink/third_party/ckeditor/plugins/scayt/dialogs/dialog.css HTTP/1.1" 200 194
::1 - - [12/Mar/2021:21:33:34 +0700] "GET /testlink//gui/themes/default/css/testlink.css HTTP/1.1" 200 6070
::1 - - [12/Mar/2021:21:33:48 +0700] "POST /testlink/lib/plan/planEdit.php HTTP/1.1" 200 3117
::1 - - [12/Mar/2021:21:33:49 +0700] "GET /testlink/third_party/chosen/chosen.css HTTP/1.1" 200 2284
::1 - - [12/Mar/2021:21:33:49 +0700] "GET /testlink/gui/themes/default/images/brick.png HTTP/1.1" 304 -
::1 - - [12/Mar/2021:21:33:49 +0700] "GET /testlink/gui/themes/default/images/sort_hint.png HTTP/1.1" 304 -
::1 - - [12/Mar/2021:21:33:49 +0700] "GET /testlink/gui/themes/default/images/trash.png HTTP/1.1" 304 -
::1 - - [12/Mar/2021:21:33:49 +0700] "GET /testlink/gui/themes/default/images/lightbulb.png HTTP/1.1" 304 -
::1 - - [12/Mar/2021:21:33:49 +0700] "GET /testlink/gui/themes/default/images/door_in.png HTTP/1.1" 200 693
::1 - - [12/Mar/2021:21:33:49 +0700] "GET /testlink/gui/themes/default/images/export.png HTTP/1.1" 200 688
::1 - - [12/Mar/2021:21:33:49 +0700] "GET /testlink/gui/themes/default/images/apply_f2_16.png HTTP/1.1" 200 759
::1 - - [12/Mar/2021:21:33:49 +0700] "GET /testlink/gui/themes/default/images/controller.png HTTP/1.1" 200 666
::1 - - [12/Mar/2021:21:33:56 +0700] "GET /testlink/index.php HTTP/1.1" 200 344
::1 - - [12/Mar/2021:21:33:56 +0700] "GET /testlink/gui/themes/default//css/frame.css HTTP/1.1" 200 113
::1 - - [12/Mar/2021:21:33:56 +0700] "GET /testlink/lib/general/navBar.php?tproject_id=0&tplan_id=0&updateMainPage=1 HTTP/1.1" 200 2006
::1 - - [12/Mar/2021:21:33:56 +0700] "GET /testlink/third_party/chosen/chosen.css HTTP/1.1" 200 2284
::1 - - [12/Mar/2021:21:33:56 +0700] "GET /testlink/gui/themes/default/images/report.png HTTP/1.1" 200 649
::1 - - [12/Mar/2021:21:33:56 +0700] "GET /testlink/lib/general/mainPage.php HTTP/1.1" 200 3055
::1 - - [12/Mar/2021:21:33:56 +0700] "GET /testlink/lib/general/mainPage.php HTTP/1.1" 200 3055
::1 - - [12/Mar/2021:21:33:56 +0700] "GET /testlink/third_party/ext-js/css/ext-all.css HTTP/1.1" 200 21152
::1 - - [12/Mar/2021:21:33:56 +0700] "GET /testlink/third_party/ext-js/ux/gridfilters/css/GridFilters.css HTTP/1.1" 200 413
::1 - - [12/Mar/2021:21:33:56 +0700] "GET /testlink/gui/niftycube/niftycube.js HTTP/1.1" 200 2858
::1 - - [12/Mar/2021:21:33:56 +0700] "GET /testlink/third_party/bootstrap/3.4.1/css/bootstrap-theme.min.css HTTP/1.1" 200 2417
::1 - - [12/Mar/2021:21:33:56 +0700] "GET /testlink/third_party/ext-js/ux/gridfilters/css/RangeMenu.css HTTP/1.1" 200 184
::1 - - [12/Mar/2021:21:33:56 +0700] "GET /testlink/third_party/bootstrap/3.4.1/css/bootstrap.min.css HTTP/1.1" 200 18158
::1 - - [12/Mar/2021:21:33:56 +0700] "GET /testlink/gui/themes/default/images//sym_question.gif HTTP/1.1" 200 913
::1 - - [12/Mar/2021:21:33:56 +0700] "GET /testlink/third_party/chosen/chosen-sprite.png HTTP/1.1" 200 538
::1 - - [12/Mar/2021:21:34:13 +0700] "GET /testlink/lib/codetrackers/codeTrackerView.php?tproject_id=1 HTTP/1.1" 200 2179
::1 - - [12/Mar/2021:21:34:13 +0700] "GET /testlink/gui/javascript/validate.js HTTP/1.1" 200 1714
::1 - - [12/Mar/2021:21:34:13 +0700] "GET /testlink/gui/javascript/cfield_validation.js HTTP/1.1" 200 1391
::1 - - [12/Mar/2021:21:34:15 +0700] "POST /testlink/lib/codetrackers/codeTrackerEdit.php HTTP/1.1" 200 2908
::1 - - [12/Mar/2021:21:34:17 +0700] "GET /testlink/gui/themes/default/images//error.gif HTTP/1.1" 304 -
::1 - - [12/Mar/2021:21:34:17 +0700] "GET /testlink/gui/themes/default/images/white-top-bottom.gif HTTP/1.1" 200 842
::1 - - [12/Mar/2021:21:34:20 +0700] "GET /testlink/index.php HTTP/1.1" 200 344
::1 - - [12/Mar/2021:21:34:21 +0700] "GET /testlink/gui/themes/default//css/frame.css HTTP/1.1" 200 113
::1 - - [12/Mar/2021:21:34:21 +0700] "GET /testlink/lib/general/navBar.php?tproject_id=0&tplan_id=0&updateMainPage=1 HTTP/1.1" 200 2002
::1 - - [12/Mar/2021:21:34:21 +0700] "GET /testlink/lib/general/mainPage.php HTTP/1.1" 200 3056
::1 - - [12/Mar/2021:21:34:21 +0700] "GET /testlink/lib/general/mainPage.php HTTP/1.1" 200 3055
::1 - - [12/Mar/2021:21:34:23 +0700] "GET /testlink/lib/cfields/cfieldsView.php?tproject_id= HTTP/1.1" 200 972
::1 - - [12/Mar/2021:21:34:25 +0700] "GET /testlink/index.php HTTP/1.1" 200 344
::1 - - [12/Mar/2021:21:34:25 +0700] "GET /testlink/lib/general/navBar.php?tproject_id=0&tplan_id=0&updateMainPage=1 HTTP/1.1" 200 2006
::1 - - [12/Mar/2021:21:34:25 +0700] "GET /testlink/lib/general/mainPage.php HTTP/1.1" 200 3056
::1 - - [12/Mar/2021:21:34:25 +0700] "GET /testlink/lib/general/mainPage.php HTTP/1.1" 200 3060
::1 - - [12/Mar/2021:21:34:28 +0700] "GET /testlink/lib/plan/buildView.php?tplan_id=2 HTTP/1.1" 200 2390
::1 - - [12/Mar/2021:21:34:32 +0700] "GET /testlink/index.php HTTP/1.1" 200 344
::1 - - [12/Mar/2021:21:34:32 +0700] "GET /testlink/lib/general/navBar.php?tproject_id=0&tplan_id=0&updateMainPage=1 HTTP/1.1" 200 2007
::1 - - [12/Mar/2021:21:34:32 +0700] "GET /testlink/lib/general/mainPage.php HTTP/1.1" 200 3059
::1 - - [12/Mar/2021:21:34:32 +0700] "GET /testlink/lib/general/mainPage.php HTTP/1.1" 200 3056
::1 - - [12/Mar/2021:21:34:34 +0700] "GET /testlink/index.php HTTP/1.1" 200 344
::1 - - [12/Mar/2021:21:34:34 +0700] "GET /testlink/lib/general/navBar.php?tproject_id=0&tplan_id=0&updateMainPage=1 HTTP/1.1" 200 2005
::1 - - [12/Mar/2021:21:34:34 +0700] "GET /testlink/lib/general/mainPage.php HTTP/1.1" 200 3056
::1 - - [12/Mar/2021:21:34:35 +0700] "GET /testlink/lib/general/mainPage.php HTTP/1.1" 200 3056
::1 - - [12/Mar/2021:21:34:39 +0700] "GET /testlink/lib/general/frmWorkArea.php?feature=editTc HTTP/1.1" 200 441
::1 - - [12/Mar/2021:21:34:39 +0700] "GET /testlink/lib/testcases/listTestCases.php?feature=edit_tc HTTP/1.1" 200 3580
::1 - - [12/Mar/2021:21:34:40 +0700] "GET /testlink/third_party/ext-js/css/reset-min.css HTTP/1.1" 200 289
::1 - - [12/Mar/2021:21:34:40 +0700] "GET /testlink/gui/javascript/treebyloader.js HTTP/1.1" 200 4105
::1 - - [12/Mar/2021:21:34:40 +0700] "GET /testlink/gui/javascript/ext_extensions.js HTTP/1.1" 200 3413
::1 - - [12/Mar/2021:21:34:41 +0700] "GET /testlink/third_party/ext-js/images/default/panel/white-top-bottom.gif HTTP/1.1" 200 872
::1 - - [12/Mar/2021:21:34:41 +0700] "GET /testlink/third_party/ext-js/images/default/panel/tool-sprites.gif HTTP/1.1" 200 5421
::1 - - [12/Mar/2021:21:34:41 +0700] "GET /testlink/third_party/ext-js/images/default/dd/drop-no.gif HTTP/1.1" 200 949
::1 - - [12/Mar/2021:21:34:41 +0700] "GET /testlink/third_party/ext-js/images/default/s.gif HTTP/1.1" 200 43
::1 - - [12/Mar/2021:21:34:41 +0700] "GET /testlink/third_party/ext-js/images/default/tree/arrows.gif HTTP/1.1" 200 617
::1 - - [12/Mar/2021:21:34:41 +0700] "GET /testlink/third_party/ext-js/images/default/tree/loading.gif HTTP/1.1" 200 771
::1 - - [12/Mar/2021:21:34:39 +0700] "GET /testlink/lib/testcases/archiveData.php?edit=testproject&id=1 HTTP/1.1" 200 3276
::1 - - [12/Mar/2021:21:34:41 +0700] "GET /testlink/third_party/bootbox/bootbox.all.min.js HTTP/1.1" 200 5489
::1 - - [12/Mar/2021:21:34:41 +0700] "POST /testlink/lib/ajax/gettprojectnodes.php?root_node=1&tcprefix=1111- HTTP/1.1" 200 8
::1 - - [12/Mar/2021:21:34:41 +0700] "GET /testlink/gui/themes/default/images/cog.png HTTP/1.1" 200 512
::1 - - [12/Mar/2021:21:34:41 +0700] "GET /testlink/gui/themes/default/images/add.png HTTP/1.1" 200 733
::1 - - [12/Mar/2021:21:34:41 +0700] "GET /testlink/gui/themes/default/images/door_in.png HTTP/1.1" 304 -
::1 - - [12/Mar/2021:21:34:41 +0700] "GET /testlink/gui/themes/default/images/style.png HTTP/1.1" 200 813
::1 - - [12/Mar/2021:21:34:41 +0700] "GET /testlink/gui/themes/default/images/page_word.png HTTP/1.1" 200 777
::1 - - [12/Mar/2021:21:34:41 +0700] "GET /testlink/gui/themes/default/images/information.png HTTP/1.1" 200 778
::1 - - [12/Mar/2021:21:34:41 +0700] "GET /testlink/third_party/ext-js/images/default/tree/folder.gif HTTP/1.1" 200 952
::1 - - [12/Mar/2021:21:34:45 +0700] "GET /testlink/lib/general/frmWorkArea.php?feature=executeTest HTTP/1.1" 200 740
::1 - - [12/Mar/2021:21:34:47 +0700] "GET /testlink/lib/general/frmWorkArea.php?feature=showMetrics HTTP/1.1" 200 734
::1 - - [12/Mar/2021:21:34:49 +0700] "GET /testlink/lib/usermanagement/usersView.php HTTP/1.1" 200 5321
::1 - - [12/Mar/2021:21:34:50 +0700] "GET /testlink/third_party/ext-js/images/default/qtip/tip-anchor-sprite.gif HTTP/1.1" 200 951
::1 - - [12/Mar/2021:21:34:50 +0700] "GET /testlink/third_party/ext-js/images/default/qtip/tip-sprite.gif HTTP/1.1" 200 4271
::1 - - [12/Mar/2021:21:34:50 +0700] "GET /testlink/third_party/ext-js/images/default/toolbar/bg.gif HTTP/1.1" 200 904
::1 - - [12/Mar/2021:21:34:50 +0700] "GET /testlink/third_party/ext-js/images/default/grid/grid3-hrow.gif HTTP/1.1" 200 836
::1 - - [12/Mar/2021:21:34:50 +0700] "GET /testlink/third_party/ext-js/images/default/grid/col-move-bottom.gif HTTP/1.1" 200 868
::1 - - [12/Mar/2021:21:34:50 +0700] "GET /testlink/third_party/ext-js/images/default/grid/columns.gif HTTP/1.1" 200 962
::1 - - [12/Mar/2021:21:34:50 +0700] "GET /testlink/third_party/ext-js/images/default/grid/col-move-top.gif HTTP/1.1" 200 869
::1 - - [12/Mar/2021:21:34:50 +0700] "GET /testlink/third_party/ext-js/images/default/button/btn.gif HTTP/1.1" 200 4298
::1 - - [12/Mar/2021:21:34:50 +0700] "GET /testlink/third_party/ext-js/images/default/grid/group-by.gif HTTP/1.1" 200 917
::1 - - [12/Mar/2021:21:34:50 +0700] "GET /testlink/gui/themes/default/images/trash.png HTTP/1.1" 304 -
::1 - - [12/Mar/2021:21:34:50 +0700] "GET /testlink/gui/themes/default/images/apply_f2_16.png HTTP/1.1" 304 -
::1 - - [12/Mar/2021:21:34:50 +0700] "GET /testlink/third_party/ext-js/images/default/grid/refresh.gif HTTP/1.1" 200 977
::1 - - [12/Mar/2021:21:34:50 +0700] "GET /testlink/gui/themes/default/images/edit-undo.png HTTP/1.1" 200 655
::1 - - [12/Mar/2021:21:34:50 +0700] "GET /testlink/gui/themes/default/images/reset_filter.png HTTP/1.1" 200 751
::1 - - [12/Mar/2021:21:34:56 +0700] "GET /testlink/lib/events/eventviewer.php HTTP/1.1" 200 7218
::1 - - [12/Mar/2021:21:34:56 +0700] "GET /testlink/gui/themes/default/images//trash.png HTTP/1.1" 200 519
::1 - - [12/Mar/2021:21:34:56 +0700] "GET /testlink/gui/themes/default/images//calendar.gif HTTP/1.1" 200 979
::1 - - [12/Mar/2021:21:34:56 +0700] "GET /testlink/third_party/ext-js/images/default/grid/grid3-hrow-over.gif HTTP/1.1" 200 823
::1 - - [12/Mar/2021:21:34:56 +0700] "GET /testlink/third_party/ext-js/images/default/grid/sort_desc.gif HTTP/1.1" 200 833
::1 - - [12/Mar/2021:21:34:56 +0700] "GET /testlink/third_party/ext-js/images/default/grid/grid-blue-split.gif HTTP/1.1" 200 817
::1 - - [12/Mar/2021:21:34:56 +0700] "GET /testlink/gui/themes/default/images/question16_16.gif HTTP/1.1" 200 983
::1 - - [12/Mar/2021:21:34:56 +0700] "GET /testlink/third_party/ext-js/images/default/grid/group-collapse.gif HTTP/1.1" 200 881
::1 - - [12/Mar/2021:21:34:56 +0700] "GET /testlink/gui/themes/default/images/plus.gif HTTP/1.1" 200 67
::1 - - [12/Mar/2021:21:35:02 +0700] "GET /testlink/third_party/ext-js/images/default/grid/row-over.gif HTTP/1.1" 200 823
::1 - - [12/Mar/2021:21:35:11 +0700] "GET /testlink/index.php HTTP/1.1" 200 344
::1 - - [12/Mar/2021:21:35:11 +0700] "GET /testlink/lib/general/navBar.php?tproject_id=0&tplan_id=0&updateMainPage=1 HTTP/1.1" 200 2003
::1 - - [12/Mar/2021:21:35:11 +0700] "GET /testlink/lib/general/mainPage.php HTTP/1.1" 200 3056
::1 - - [12/Mar/2021:21:35:11 +0700] "GET /testlink/lib/general/mainPage.php HTTP/1.1" 200 3056
::1 - - [12/Mar/2021:21:35:14 +0700] "GET /testlink/lib/plan/buildView.php?tplan_id=2 HTTP/1.1" 200 2394
::1 - - [12/Mar/2021:21:35:16 +0700] "POST /testlink/lib/plan/buildEdit.php?do_action=create&tplan_id=2 HTTP/1.1" 200 3301
::1 - - [12/Mar/2021:21:35:17 +0700] "GET /testlink/third_party/ckeditor/ckeditor.js HTTP/1.1" 200 177122
::1 - - [12/Mar/2021:21:35:17 +0700] "GET /testlink/cfg/tl_ckeditor_config.js?t=J1QB HTTP/1.1" 200 1200
::1 - - [12/Mar/2021:21:35:17 +0700] "GET /testlink/third_party/ckeditor/skins/moonocolor/skin.js?t=J1QB HTTP/1.1" 200 1086
::1 - - [12/Mar/2021:21:35:17 +0700] "GET /testlink/third_party/ckeditor/skins/moonocolor/editor.css?t=J1QB HTTP/1.1" 200 5269
::1 - - [12/Mar/2021:21:35:17 +0700] "GET /testlink/third_party/ckeditor/lang/en.js?t=J1QB HTTP/1.1" 200 4208
::1 - - [12/Mar/2021:21:35:17 +0700] "GET /testlink/third_party/ckeditor/styles.js?t=J1QB HTTP/1.1" 200 1639
::1 - - [12/Mar/2021:21:35:17 +0700] "GET /testlink/third_party/ckeditor/plugins/scayt/dialogs/dialog.css HTTP/1.1" 200 194
::1 - - [12/Mar/2021:21:35:17 +0700] "GET /testlink/third_party/ckeditor/plugins/tableselection/styles/tableselection.css HTTP/1.1" 200 401
::1 - - [12/Mar/2021:21:35:17 +0700] "GET /testlink/third_party/ckeditor/skins/moonocolor/icons.png HTTP/1.1" 304 -
::1 - - [12/Mar/2021:21:35:17 +0700] "GET /testlink//gui/themes/default/css/testlink.css HTTP/1.1" 200 6070
::1 - - [12/Mar/2021:21:35:45 +0700] "POST /testlink/lib/plan/buildEdit.php HTTP/1.1" 200 3365
::1 - - [12/Mar/2021:21:35:55 +0700] "POST /testlink/lib/plan/buildEdit.php HTTP/1.1" 200 3369
::1 - - [12/Mar/2021:21:35:58 +0700] "GET /testlink/third_party/ext-js/images/default/toolbar/btn-arrow-light.gif HTTP/1.1" 200 916
::1 - - [12/Mar/2021:21:35:58 +0700] "GET /testlink/third_party/ext-js/images/default/shared/right-btn.gif HTTP/1.1" 200 871
::1 - - [12/Mar/2021:21:35:58 +0700] "GET /testlink/third_party/ext-js/images/default/shared/glass-bg.gif HTTP/1.1" 200 873
::1 - - [12/Mar/2021:21:35:58 +0700] "GET /testlink/third_party/ext-js/images/default/shared/left-btn.gif HTTP/1.1" 200 870
::1 - - [12/Mar/2021:21:35:58 +0700] "GET /testlink/third_party/ext-js/images/default/shared/hd-sprite.gif HTTP/1.1" 200 1099
::1 - - [12/Mar/2021:21:36:01 +0700] "POST /testlink/lib/plan/buildEdit.php HTTP/1.1" 200 3193
::1 - - [12/Mar/2021:21:36:02 +0700] "GET /testlink/third_party/bootstrap/3.4.1/js/bootstrap.min.js HTTP/1.1" 200 10534
::1 - - [12/Mar/2021:21:36:02 +0700] "GET /testlink/gui/themes/default/images/brick.png HTTP/1.1" 304 -
::1 - - [12/Mar/2021:21:36:02 +0700] "GET /testlink/gui/themes/default/images/sort_hint.png HTTP/1.1" 304 -
::1 - - [12/Mar/2021:21:36:02 +0700] "GET /testlink/gui/themes/default/images/lightbulb.png HTTP/1.1" 304 -
::1 - - [12/Mar/2021:21:36:02 +0700] "GET /testlink/gui/themes/default/images/lock_open.png HTTP/1.1" 200 727
::1 - - [12/Mar/2021:21:36:06 +0700] "GET /testlink/index.php HTTP/1.1" 200 344
::1 - - [12/Mar/2021:21:36:06 +0700] "GET /testlink/lib/general/navBar.php?tproject_id=0&tplan_id=0&updateMainPage=1 HTTP/1.1" 200 2006
::1 - - [12/Mar/2021:21:36:06 +0700] "GET /testlink/lib/general/mainPage.php HTTP/1.1" 200 3054
::1 - - [12/Mar/2021:21:36:06 +0700] "GET /testlink/lib/general/mainPage.php HTTP/1.1" 200 3056
::1 - - [12/Mar/2021:21:36:13 +0700] "GET /testlink/lib/usermanagement/userInfo.php HTTP/1.1" 200 4405
::1 - - [12/Mar/2021:21:36:16 +0700] "GET /testlink/gui/themes/default/images//question.gif HTTP/1.1" 200 1044
::1 - - [12/Mar/2021:21:36:31 +0700] "POST /testlink/lib/usermanagement/userInfo.php HTTP/1.1" 200 4692
::1 - - [12/Mar/2021:21:36:31 +0700] "GET /testlink/third_party/ext-js/src/locale/ext-lang-ru.js HTTP/1.1" 200 2928
::1 - - [12/Mar/2021:21:36:31 +0700] "GET /testlink/lib/general/navBar.php?tproject_id=0&tplan_id=0&updateMainPage=1 HTTP/1.1" 200 2107
::1 - - [12/Mar/2021:21:36:32 +0700] "GET /testlink/lib/general/mainPage.php HTTP/1.1" 200 3351
::1 - - [12/Mar/2021:21:36:33 +0700] "GET /testlink/index.php HTTP/1.1" 200 361
::1 - - [12/Mar/2021:21:36:33 +0700] "GET /testlink/lib/general/navBar.php?tproject_id=0&tplan_id=0&updateMainPage=1 HTTP/1.1" 200 2097
::1 - - [12/Mar/2021:21:36:33 +0700] "GET /testlink/lib/general/mainPage.php HTTP/1.1" 200 3352
::1 - - [12/Mar/2021:21:36:33 +0700] "GET /testlink/lib/general/mainPage.php HTTP/1.1" 200 3351
::1 - - [12/Mar/2021:21:36:47 +0700] "GET /testlink/lib/general/frmWorkArea.php?feature=executeTest HTTP/1.1" 200 431
::1 - - [12/Mar/2021:21:36:48 +0700] "GET /testlink/lib/execute/execNavigator.php?setting_testplan= HTTP/1.1" 200 6128
::1 - - [12/Mar/2021:21:36:50 +0700] "GET /testlink/gui/javascript/execTreeWithMenu.js HTTP/1.1" 200 1627
::1 - - [12/Mar/2021:21:36:50 +0700] "GET /testlink/gui/javascript/expandAndCollapseFunctions.js HTTP/1.1" 200 888
::1 - - [12/Mar/2021:21:36:50 +0700] "GET /testlink/gui/themes/default/images/export.png HTTP/1.1" 304 -
::1 - - [12/Mar/2021:21:36:50 +0700] "GET /testlink/gui/themes/default/images/information_small.png HTTP/1.1" 200 877
::1 - - [12/Mar/2021:21:36:50 +0700] "GET /testlink/gui/themes/default/images/monitor_lightning.png HTTP/1.1" 200 768
::1 - - [12/Mar/2021:21:36:50 +0700] "GET /testlink/gui/themes/default/images/brick_go.png HTTP/1.1" 200 790
::1 - - [12/Mar/2021:21:36:48 +0700] "GET /testlink/lib/execute/execDashboard.php?id=1 HTTP/1.1" 200 978
::1 - - [12/Mar/2021:21:36:50 +0700] "GET /testlink/lib/execute/execDashboard.php HTTP/1.1" 200 978
::1 - - [12/Mar/2021:21:36:56 +0700] "GET /testlink/index.php HTTP/1.1" 200 361
::1 - - [12/Mar/2021:21:36:56 +0700] "GET /testlink/lib/general/navBar.php?tproject_id=0&tplan_id=0&updateMainPage=1 HTTP/1.1" 200 2094
::1 - - [12/Mar/2021:21:36:56 +0700] "GET /testlink/lib/general/mainPage.php HTTP/1.1" 200 3351
::1 - - [12/Mar/2021:21:36:56 +0700] "GET /testlink/lib/general/mainPage.php HTTP/1.1" 200 3349
::1 - - [12/Mar/2021:23:04:32 +0700] "GET /testlink/index.php HTTP/1.1" 200 361
::1 - - [12/Mar/2021:23:04:32 +0700] "GET /testlink/lib/general/navBar.php?tproject_id=0&tplan_id=0&updateMainPage=1 HTTP/1.1" 200 2104
::1 - - [12/Mar/2021:23:04:32 +0700] "GET /testlink/lib/general/mainPage.php HTTP/1.1" 200 3349
::1 - - [12/Mar/2021:23:04:32 +0700] "GET /testlink/lib/general/mainPage.php HTTP/1.1" 200 3348
::1 - - [12/Mar/2021:23:04:33 +0700] "GET /testlink/gui/themes/default/images/favicon.ico HTTP/1.1" 200 168
